>>> Starting Agent Boot Sequence...
[1/6] Checking User Account               [OK]
   ... Running as service user 'wlgjs060614351' (uid=1267600561)
[2/6] Verifying Environment Variables     [OK]
   ... All required Envs correct
[3/6] Checking Required Files             [OK]
   ... Verified 'secret.key' with correct key string.
[4/6] Checking Port Availability          [OK]
   ... Port 15034 is available.
[5/6] Verifying Log Permission            [OK]
   ... Log directory is writable: /mnt/mac/Users/wlgjs060614351/Desktop/Troubleshooting_LinuxProcesses_and_System-Resources/evidence/logs
[6/6] Verifying Mission Environment       [OK]
   ... MEMORY_LIMIT=512MB, CPU_MAX_OCCUPY=10%, MULTI_THREAD_ENABLE=False
------------------------------------------------------------
All Boot Checks Passed!
Agent READY
2026-05-22 19:16:36,240 [INFO] [SafetyGuard] Process priority lowered (nice=10).
2026-05-22 19:16:36,240 [INFO] Agent listening at port 15034

==================================================
 [ Agent Initiate ] Resource Check 
==================================================
 [ MEMORY ] Limit: 512MB 		[ OK ]
 [ CPU    ] Limit: 10%  		[ OK ]
 [ THREAD ] Concurrency: False 		[ OK ]
--------------------------------------------------
 >>> SYSTEM STATUS: STABLE. STARTING WORKLOAD MONITORING...
==================================================

2026-05-22 19:16:38,243 [INFO] >>> Scenario Selected: [Healthy System Monitoring]

>>> [SYSTEM] ALL CONFIGURATIONS OPTIMAL. RUNNING STABILITY TEST... <<<

2026-05-22 19:16:38,244 [INFO] [Scheduler] Task Scheduler Initialized.
2026-05-22 19:16:38,244 [INFO] [Scheduler] Registered Tasks: ['Thread-A', 'Thread-B', 'Thread-C']
2026-05-22 19:16:38,244 [INFO] [Scheduler] Starting task execution...
2026-05-22 19:16:38,244 [INFO] [Thread-A] Task Started. Calculating... (20%)
2026-05-22 19:16:38,296 [INFO] [Thread-A] Calculating... (40%)
2026-05-22 19:16:38,347 [INFO] [Thread-A] Preempted. Progress saved at (40%)
2026-05-22 19:16:38,399 [INFO] [Thread-B] Task Started. Calculating... (20%)
2026-05-22 19:16:38,450 [INFO] [Thread-B] Calculating... (40%)
2026-05-22 19:16:38,502 [INFO] [Thread-B] Preempted. Progress saved at (40%)
2026-05-22 19:16:38,554 [INFO] [Thread-C] Task Started. Calculating... (20%)
2026-05-22 19:16:38,604 [INFO] [Thread-C] Calculating... (40%)
2026-05-22 19:16:38,656 [INFO] [Thread-C] Preempted. Progress saved at (40%)
2026-05-22 19:16:38,708 [INFO] [Thread-A] Resumed. Calculating... (60%)
2026-05-22 19:16:38,759 [INFO] [Thread-A] Calculating... (80%)
2026-05-22 19:16:38,810 [INFO] [Thread-A] Preempted. Progress saved at (80%)
2026-05-22 19:16:38,862 [INFO] [Thread-B] Resumed. Calculating... (60%)
2026-05-22 19:16:38,913 [INFO] [Thread-B] Calculating... (80%)
2026-05-22 19:16:38,964 [INFO] [Thread-B] Preempted. Progress saved at (80%)
2026-05-22 19:16:39,016 [INFO] [Thread-C] Resumed. Calculating... (60%)
2026-05-22 19:16:39,068 [INFO] [Thread-C] Calculating... (80%)
2026-05-22 19:16:39,121 [INFO] [Thread-C] Preempted. Progress saved at (80%)
2026-05-22 19:16:39,172 [INFO] [Thread-A] Resumed. Calculating... (100%)
2026-05-22 19:16:39,223 [INFO] [Thread-B] Resumed. Calculating... (100%)
2026-05-22 19:16:39,274 [INFO] [Thread-C] Resumed. Calculating... (100%)
2026-05-22 19:16:39,325 [INFO] [Scheduler] All tasks completed.
2026-05-22 19:16:39,364 [INFO] [MemoryWorker] Current Heap: 25MB
2026-05-22 19:16:39,364 [INFO] [CpuWorker] Started. Maximum CPU Limit: 10%
2026-05-22 19:16:39,365 [INFO] [CpuWorker] Current Load: 5.00%
2026-05-22 19:16:41,466 [INFO] [CpuWorker] Peak reached (10.00%). Starting cooldown...
2026-05-22 19:16:42,408 [INFO] [MemoryWorker] Current Heap: 50MB
2026-05-22 19:16:42,468 [INFO] [CpuWorker] Current Load: 10.00%
2026-05-22 19:16:44,571 [INFO] [CpuWorker] Cooldown complete (5.00%). Resuming load increase...
2026-05-22 19:16:45,442 [INFO] [MemoryWorker] Current Heap: 75MB
2026-05-22 19:16:45,572 [INFO] [CpuWorker] Current Load: 5.00%
2026-05-22 19:16:47,675 [INFO] [CpuWorker] Peak reached (10.00%). Starting cooldown...
2026-05-22 19:16:48,482 [INFO] [MemoryWorker] Current Heap: 100MB
2026-05-22 19:16:48,677 [INFO] [CpuWorker] Current Load: 10.00%
2026-05-22 19:16:50,780 [INFO] [CpuWorker] Cooldown complete (5.00%). Resuming load increase...
2026-05-22 19:16:51,522 [INFO] [MemoryWorker] Current Heap: 125MB
2026-05-22 19:16:51,782 [INFO] [CpuWorker] Current Load: 5.00%
