>>> Starting Agent Boot Sequence...
[1/6] Checking User Account               [OK]
   ... Running as service user 'wlgjs060614351' (uid=1267600561)
[2/6] Verifying Environment Variables     [OK]
   ... All required Envs correct
[3/6] Checking Required Files             [OK]
   ... Verified 'secret.key' with correct key string.
[4/6] Checking Port Availability          [OK]
   ... Port 15034 is available.
[5/6] Verifying Log Permission            [OK]
   ... Log directory is writable: /mnt/mac/Users/wlgjs060614351/Desktop/Troubleshooting_LinuxProcesses_and_System-Resources/evidence/logs
[6/6] Verifying Mission Environment       [OK]
   ... MEMORY_LIMIT=512MB, CPU_MAX_OCCUPY=10%, MULTI_THREAD_ENABLE=False
------------------------------------------------------------
All Boot Checks Passed!
Agent READY
2026-05-25 18:04:47,588 [INFO] [SafetyGuard] Process priority lowered (nice=10).
2026-05-25 18:04:47,588 [INFO] Agent listening at port 15034

==================================================
 [ Agent Initiate ] Resource Check 
==================================================
 [ MEMORY ] Limit: 512MB 		[ OK ]
 [ CPU    ] Limit: 10%  		[ OK ]
 [ THREAD ] Concurrency: False 		[ OK ]
--------------------------------------------------
 >>> SYSTEM STATUS: STABLE. STARTING WORKLOAD MONITORING...
==================================================

2026-05-25 18:04:49,589 [INFO] >>> Scenario Selected: [Healthy System Monitoring]

>>> [SYSTEM] ALL CONFIGURATIONS OPTIMAL. RUNNING STABILITY TEST... <<<

2026-05-25 18:04:49,590 [INFO] [Scheduler] Task Scheduler Initialized.
2026-05-25 18:04:49,591 [INFO] [Scheduler] Registered Tasks: ['Thread-A', 'Thread-B', 'Thread-C']
2026-05-25 18:04:49,591 [INFO] [Scheduler] Starting task execution...
2026-05-25 18:04:49,591 [INFO] [Thread-A] Task Started. Calculating... (20%)
2026-05-25 18:04:49,643 [INFO] [Thread-A] Calculating... (40%)
2026-05-25 18:04:49,695 [INFO] [Thread-A] Preempted. Progress saved at (40%)
2026-05-25 18:04:49,746 [INFO] [Thread-B] Task Started. Calculating... (20%)
2026-05-25 18:04:49,798 [INFO] [Thread-B] Calculating... (40%)
2026-05-25 18:04:49,849 [INFO] [Thread-B] Preempted. Progress saved at (40%)
2026-05-25 18:04:49,901 [INFO] [Thread-C] Task Started. Calculating... (20%)
2026-05-25 18:04:49,953 [INFO] [Thread-C] Calculating... (40%)
2026-05-25 18:04:50,004 [INFO] [Thread-C] Preempted. Progress saved at (40%)
2026-05-25 18:04:50,056 [INFO] [Thread-A] Resumed. Calculating... (60%)
2026-05-25 18:04:50,107 [INFO] [Thread-A] Calculating... (80%)
2026-05-25 18:04:50,158 [INFO] [Thread-A] Preempted. Progress saved at (80%)
2026-05-25 18:04:50,210 [INFO] [Thread-B] Resumed. Calculating... (60%)
2026-05-25 18:04:50,262 [INFO] [Thread-B] Calculating... (80%)
2026-05-25 18:04:50,314 [INFO] [Thread-B] Preempted. Progress saved at (80%)
2026-05-25 18:04:50,365 [INFO] [Thread-C] Resumed. Calculating... (60%)
2026-05-25 18:04:50,417 [INFO] [Thread-C] Calculating... (80%)
2026-05-25 18:04:50,469 [INFO] [Thread-C] Preempted. Progress saved at (80%)
2026-05-25 18:04:50,521 [INFO] [Thread-A] Resumed. Calculating... (100%)
2026-05-25 18:04:50,572 [INFO] [Thread-B] Resumed. Calculating... (100%)
2026-05-25 18:04:50,623 [INFO] [Thread-C] Resumed. Calculating... (100%)
2026-05-25 18:04:50,675 [INFO] [Scheduler] All tasks completed.
2026-05-25 18:04:50,702 [INFO] [CpuWorker] Started. Maximum CPU Limit: 10%
2026-05-25 18:04:50,702 [INFO] [MemoryWorker] Current Heap: 25MB
2026-05-25 18:04:50,703 [INFO] [CpuWorker] Current Load: 5.00%
2026-05-25 18:04:53,741 [INFO] [MemoryWorker] Current Heap: 50MB
2026-05-25 18:04:53,808 [INFO] [CpuWorker] Current Load: 8.85%
2026-05-25 18:04:55,911 [INFO] [CpuWorker] Peak reached (10.00%). Starting cooldown...
2026-05-25 18:04:56,781 [INFO] [MemoryWorker] Current Heap: 75MB
2026-05-25 18:04:56,914 [INFO] [CpuWorker] Current Load: 10.00%
2026-05-25 18:04:59,016 [INFO] [CpuWorker] Cooldown complete (5.00%). Resuming load increase...
2026-05-25 18:04:59,816 [INFO] [MemoryWorker] Current Heap: 100MB
2026-05-25 18:05:00,017 [INFO] [CpuWorker] Current Load: 5.00%
2026-05-25 18:05:02,118 [INFO] [CpuWorker] Peak reached (10.00%). Starting cooldown...
2026-05-25 18:05:02,853 [INFO] [MemoryWorker] Current Heap: 125MB
2026-05-25 18:05:03,119 [INFO] [CpuWorker] Current Load: 10.00%
2026-05-25 18:05:05,220 [INFO] [CpuWorker] Cooldown complete (5.00%). Resuming load increase...
2026-05-25 18:05:05,891 [INFO] [MemoryWorker] Current Heap: 150MB
2026-05-25 18:05:06,222 [INFO] [CpuWorker] Current Load: 5.00%
2026-05-25 18:05:08,930 [INFO] [MemoryWorker] Current Heap: 175MB
2026-05-25 18:05:09,326 [INFO] [CpuWorker] Current Load: 5.57%
2026-05-25 18:05:11,428 [INFO] [CpuWorker] Peak reached (10.00%). Starting cooldown...
2026-05-25 18:05:11,968 [INFO] [MemoryWorker] Current Heap: 200MB
2026-05-25 18:05:12,430 [INFO] [CpuWorker] Current Load: 10.00%
2026-05-25 18:05:15,008 [INFO] [MemoryWorker] Current Heap: 225MB
2026-05-25 18:05:15,532 [INFO] [CpuWorker] Current Load: 5.01%
2026-05-25 18:05:17,636 [INFO] [CpuWorker] Cooldown complete (5.00%). Resuming load increase...
2026-05-25 18:05:18,045 [INFO] [MemoryWorker] Current Heap: 250MB
2026-05-25 18:05:18,638 [INFO] [CpuWorker] Current Load: 5.00%
2026-05-25 18:05:21,086 [INFO] [MemoryWorker] Current Heap: 275MB
2026-05-25 18:05:21,741 [INFO] [CpuWorker] Current Load: 5.38%
2026-05-25 18:05:23,843 [INFO] [CpuWorker] Peak reached (10.00%). Starting cooldown...
2026-05-25 18:05:24,127 [INFO] [MemoryWorker] Current Heap: 300MB
2026-05-25 18:05:24,844 [INFO] [CpuWorker] Current Load: 10.00%
2026-05-25 18:05:26,947 [INFO] [CpuWorker] Cooldown complete (5.00%). Resuming load increase...
2026-05-25 18:05:27,163 [INFO] [MemoryWorker] Current Heap: 325MB
2026-05-25 18:05:27,949 [INFO] [CpuWorker] Current Load: 5.00%
2026-05-25 18:05:30,201 [INFO] [MemoryWorker] Current Heap: 350MB
2026-05-25 18:05:31,054 [INFO] [CpuWorker] Current Load: 8.35%
2026-05-25 18:05:33,158 [INFO] [CpuWorker] Peak reached (10.00%). Starting cooldown...
2026-05-25 18:05:33,240 [INFO] [MemoryWorker] Current Heap: 375MB
2026-05-25 18:05:34,160 [INFO] [CpuWorker] Current Load: 10.00%
2026-05-25 18:05:36,277 [INFO] [CpuWorker] Cooldown complete (5.00%). Resuming load increase...
2026-05-25 18:05:36,277 [INFO] [MemoryWorker] Current Heap: 400MB
2026-05-25 18:05:37,278 [INFO] [CpuWorker] Current Load: 5.00%
2026-05-25 18:05:39,315 [INFO] [MemoryWorker] Current Heap: 425MB
2026-05-25 18:05:40,383 [INFO] [CpuWorker] Current Load: 9.83%
2026-05-25 18:05:42,353 [INFO] [MemoryWorker] Current Heap: 450MB
2026-05-25 18:05:42,487 [INFO] [CpuWorker] Peak reached (10.00%). Starting cooldown...
2026-05-25 18:05:43,490 [INFO] [CpuWorker] Current Load: 10.00%
2026-05-25 18:05:45,391 [INFO] [MemoryWorker] Current Heap: 475MB
2026-05-25 18:05:46,596 [INFO] [CpuWorker] Current Load: 8.00%
2026-05-25 18:05:48,430 [INFO] [MemoryWorker] Current Heap: 500MB
2026-05-25 18:05:48,698 [INFO] [CpuWorker] Cooldown complete (5.00%). Resuming load increase...
2026-05-25 18:05:49,700 [INFO] [CpuWorker] Current Load: 5.00%
2026-05-25 18:05:51,470 [INFO] [MemoryWorker] Current Heap: 525MB
2026-05-25 18:05:51,470 [WARNING] [MemoryWorker] Memory Usage Reached Limit (525MB). Starting cleanup...
2026-05-25 18:05:51,479 [INFO] [System] Memory Cache Flushed. Process Stabilized.

>>> [SYSTEM] MEMORY RECOVERED (Cache Cleared) <<<

2026-05-25 18:05:51,804 [INFO] [CpuWorker] Peak reached (10.00%). Starting cooldown...
2026-05-25 18:05:52,807 [INFO] [CpuWorker] Current Load: 10.00%
2026-05-25 18:05:55,912 [INFO] [CpuWorker] Current Load: 7.80%
2026-05-25 18:05:56,488 [INFO] [MemoryWorker] Current Heap: 25MB
2026-05-25 18:05:59,014 [INFO] [CpuWorker] Current Load: 6.21%
2026-05-25 18:05:59,495 [INFO] [MemoryWorker] Current Heap: 50MB
2026-05-25 18:06:01,117 [INFO] [CpuWorker] Cooldown complete (5.00%). Resuming load increase...
2026-05-25 18:06:02,118 [INFO] [CpuWorker] Current Load: 5.00%
2026-05-25 18:06:02,535 [INFO] [MemoryWorker] Current Heap: 75MB
2026-05-25 18:06:04,251 [INFO] [CpuWorker] Peak reached (10.00%). Starting cooldown...
2026-05-25 18:06:05,253 [INFO] [CpuWorker] Current Load: 10.00%
2026-05-25 18:06:05,574 [INFO] [MemoryWorker] Current Heap: 100MB
2026-05-25 18:06:08,358 [INFO] [CpuWorker] Current Load: 7.99%
2026-05-25 18:06:08,615 [INFO] [MemoryWorker] Current Heap: 125MB
2026-05-25 18:06:11,461 [INFO] [CpuWorker] Current Load: 7.47%
2026-05-25 18:06:11,633 [INFO] [MemoryWorker] Current Heap: 150MB
2026-05-25 18:06:13,563 [INFO] [CpuWorker] Cooldown complete (5.00%). Resuming load increase...
2026-05-25 18:06:14,564 [INFO] [CpuWorker] Current Load: 5.00%
2026-05-25 18:06:14,670 [INFO] [MemoryWorker] Current Heap: 175MB
2026-05-25 18:06:17,710 [INFO] [CpuWorker] Current Load: 6.00%
2026-05-25 18:06:17,710 [INFO] [MemoryWorker] Current Heap: 200MB
2026-05-25 18:06:19,813 [INFO] [CpuWorker] Peak reached (10.00%). Starting cooldown...
2026-05-25 18:06:20,755 [INFO] [MemoryWorker] Current Heap: 225MB
2026-05-25 18:06:20,815 [INFO] [CpuWorker] Current Load: 10.00%
2026-05-25 18:06:22,919 [INFO] [CpuWorker] Cooldown complete (5.00%). Resuming load increase...
2026-05-25 18:06:23,795 [INFO] [MemoryWorker] Current Heap: 250MB
2026-05-25 18:06:23,921 [INFO] [CpuWorker] Current Load: 5.00%
2026-05-25 18:06:26,025 [INFO] [CpuWorker] Peak reached (10.00%). Starting cooldown...
2026-05-25 18:06:26,835 [INFO] [MemoryWorker] Current Heap: 275MB
2026-05-25 18:06:27,027 [INFO] [CpuWorker] Current Load: 10.00%
2026-05-25 18:06:29,872 [INFO] [MemoryWorker] Current Heap: 300MB
2026-05-25 18:06:30,134 [INFO] [CpuWorker] Current Load: 5.92%
2026-05-25 18:06:32,237 [INFO] [CpuWorker] Cooldown complete (5.00%). Resuming load increase...
2026-05-25 18:06:32,910 [INFO] [MemoryWorker] Current Heap: 325MB
2026-05-25 18:06:33,239 [INFO] [CpuWorker] Current Load: 5.00%
2026-05-25 18:06:35,342 [INFO] [CpuWorker] Peak reached (10.00%). Starting cooldown...
2026-05-25 18:06:35,948 [INFO] [MemoryWorker] Current Heap: 350MB
2026-05-25 18:06:36,345 [INFO] [CpuWorker] Current Load: 10.00%
2026-05-25 18:06:38,987 [INFO] [MemoryWorker] Current Heap: 375MB
2026-05-25 18:06:39,449 [INFO] [CpuWorker] Current Load: 5.92%
2026-05-25 18:06:41,554 [INFO] [CpuWorker] Cooldown complete (5.00%). Resuming load increase...
2026-05-25 18:06:42,024 [INFO] [MemoryWorker] Current Heap: 400MB
2026-05-25 18:06:42,555 [INFO] [CpuWorker] Current Load: 5.00%
2026-05-25 18:06:45,062 [INFO] [MemoryWorker] Current Heap: 425MB
2026-05-25 18:06:45,659 [INFO] [CpuWorker] Current Load: 5.48%
2026-05-25 18:06:47,762 [INFO] [CpuWorker] Peak reached (10.00%). Starting cooldown...
2026-05-25 18:06:48,098 [INFO] [MemoryWorker] Current Heap: 450MB
2026-05-25 18:06:48,763 [INFO] [CpuWorker] Current Load: 10.00%
2026-05-25 18:06:51,135 [INFO] [MemoryWorker] Current Heap: 475MB
2026-05-25 18:06:51,867 [INFO] [CpuWorker] Current Load: 6.06%
2026-05-25 18:06:53,971 [INFO] [CpuWorker] Cooldown complete (5.00%). Resuming load increase...
2026-05-25 18:06:54,172 [INFO] [MemoryWorker] Current Heap: 500MB
2026-05-25 18:06:54,973 [INFO] [CpuWorker] Current Load: 5.00%
2026-05-25 18:06:57,210 [INFO] [MemoryWorker] Current Heap: 525MB
2026-05-25 18:06:57,211 [WARNING] [MemoryWorker] Memory Usage Reached Limit (525MB). Starting cleanup...
2026-05-25 18:06:57,219 [INFO] [System] Memory Cache Flushed. Process Stabilized.

>>> [SYSTEM] MEMORY RECOVERED (Cache Cleared) <<<

2026-05-25 18:06:58,076 [INFO] [CpuWorker] Current Load: 6.32%
2026-05-25 18:07:01,180 [INFO] [CpuWorker] Current Load: 9.97%
2026-05-25 18:07:02,224 [INFO] [MemoryWorker] Current Heap: 25MB
2026-05-25 18:07:03,284 [INFO] [CpuWorker] Peak reached (10.00%). Starting cooldown...
2026-05-25 18:07:04,286 [INFO] [CpuWorker] Current Load: 10.00%
2026-05-25 18:07:05,228 [INFO] [MemoryWorker] Current Heap: 50MB
2026-05-25 18:07:06,388 [INFO] [CpuWorker] Cooldown complete (5.00%). Resuming load increase...
2026-05-25 18:07:07,391 [INFO] [CpuWorker] Current Load: 5.00%
2026-05-25 18:07:08,268 [INFO] [MemoryWorker] Current Heap: 75MB
2026-05-25 18:07:09,494 [INFO] [CpuWorker] Peak reached (10.00%). Starting cooldown...
2026-05-25 18:07:10,496 [INFO] [CpuWorker] Current Load: 10.00%
2026-05-25 18:07:11,305 [INFO] [MemoryWorker] Current Heap: 100MB
2026-05-25 18:07:12,599 [INFO] [CpuWorker] Cooldown complete (5.00%). Resuming load increase...
2026-05-25 18:07:13,602 [INFO] [CpuWorker] Current Load: 5.00%
2026-05-25 18:07:14,343 [INFO] [MemoryWorker] Current Heap: 125MB
2026-05-25 18:07:16,707 [INFO] [CpuWorker] Current Load: 5.97%
2026-05-25 18:07:17,383 [INFO] [MemoryWorker] Current Heap: 150MB
2026-05-25 18:07:18,811 [INFO] [CpuWorker] Peak reached (10.00%). Starting cooldown...
2026-05-25 18:07:19,814 [INFO] [CpuWorker] Current Load: 10.00%
2026-05-25 18:07:20,422 [INFO] [MemoryWorker] Current Heap: 175MB
2026-05-25 18:07:22,920 [INFO] [CpuWorker] Current Load: 9.65%
2026-05-25 18:07:23,460 [INFO] [MemoryWorker] Current Heap: 200MB
2026-05-25 18:07:25,024 [INFO] [CpuWorker] Cooldown complete (5.00%). Resuming load increase...
2026-05-25 18:07:26,026 [INFO] [CpuWorker] Current Load: 5.00%
2026-05-25 18:07:26,499 [INFO] [MemoryWorker] Current Heap: 225MB
2026-05-25 18:07:29,131 [INFO] [CpuWorker] Current Load: 5.09%
2026-05-25 18:07:29,537 [INFO] [MemoryWorker] Current Heap: 250MB
2026-05-25 18:07:31,235 [INFO] [CpuWorker] Peak reached (10.00%). Starting cooldown...
2026-05-25 18:07:32,237 [INFO] [CpuWorker] Current Load: 10.00%
2026-05-25 18:07:32,575 [INFO] [MemoryWorker] Current Heap: 275MB
2026-05-25 18:07:35,343 [INFO] [CpuWorker] Current Load: 9.37%
2026-05-25 18:07:35,613 [INFO] [MemoryWorker] Current Heap: 300MB
2026-05-25 18:07:38,446 [INFO] [CpuWorker] Current Load: 5.17%
2026-05-25 18:07:38,650 [INFO] [MemoryWorker] Current Heap: 325MB
2026-05-25 18:07:40,550 [INFO] [CpuWorker] Cooldown complete (5.00%). Resuming load increase...
2026-05-25 18:07:41,551 [INFO] [CpuWorker] Current Load: 5.00%
2026-05-25 18:07:41,682 [INFO] [MemoryWorker] Current Heap: 350MB
2026-05-25 18:07:44,721 [INFO] [CpuWorker] Current Load: 7.69%
2026-05-25 18:07:44,721 [INFO] [MemoryWorker] Current Heap: 375MB
2026-05-25 18:07:46,825 [INFO] [CpuWorker] Peak reached (10.00%). Starting cooldown...
2026-05-25 18:07:47,766 [INFO] [MemoryWorker] Current Heap: 400MB
2026-05-25 18:07:47,827 [INFO] [CpuWorker] Current Load: 10.00%
2026-05-25 18:07:50,804 [INFO] [MemoryWorker] Current Heap: 425MB
2026-05-25 18:07:50,932 [INFO] [CpuWorker] Current Load: 7.75%
2026-05-25 18:07:53,034 [INFO] [CpuWorker] Cooldown complete (5.00%). Resuming load increase...
2026-05-25 18:07:53,842 [INFO] [MemoryWorker] Current Heap: 450MB
2026-05-25 18:07:54,037 [INFO] [CpuWorker] Current Load: 5.00%
2026-05-25 18:07:56,881 [INFO] [MemoryWorker] Current Heap: 475MB
2026-05-25 18:07:57,142 [INFO] [CpuWorker] Current Load: 7.84%
2026-05-25 18:07:59,243 [INFO] [CpuWorker] Peak reached (10.00%). Starting cooldown...
2026-05-25 18:07:59,917 [INFO] [MemoryWorker] Current Heap: 500MB
2026-05-25 18:08:00,246 [INFO] [CpuWorker] Current Load: 10.00%
2026-05-25 18:08:02,350 [INFO] [CpuWorker] Cooldown complete (5.00%). Resuming load increase...
2026-05-25 18:08:02,954 [INFO] [MemoryWorker] Current Heap: 525MB
2026-05-25 18:08:02,954 [WARNING] [MemoryWorker] Memory Usage Reached Limit (525MB). Starting cleanup...
2026-05-25 18:08:02,962 [INFO] [System] Memory Cache Flushed. Process Stabilized.

>>> [SYSTEM] MEMORY RECOVERED (Cache Cleared) <<<

2026-05-25 18:08:03,351 [INFO] [CpuWorker] Current Load: 5.00%
2026-05-25 18:08:06,456 [INFO] [CpuWorker] Current Load: 7.52%
2026-05-25 18:08:07,968 [INFO] [MemoryWorker] Current Heap: 25MB
2026-05-25 18:08:08,560 [INFO] [CpuWorker] Peak reached (10.00%). Starting cooldown...
2026-05-25 18:08:09,561 [INFO] [CpuWorker] Current Load: 10.00%
2026-05-25 18:08:10,970 [INFO] [MemoryWorker] Current Heap: 50MB
2026-05-25 18:08:12,666 [INFO] [CpuWorker] Current Load: 8.62%
2026-05-25 18:08:13,977 [INFO] [MemoryWorker] Current Heap: 75MB
2026-05-25 18:08:15,773 [INFO] [CpuWorker] Current Load: 7.66%
2026-05-25 18:08:16,984 [INFO] [MemoryWorker] Current Heap: 100MB
2026-05-25 18:08:17,876 [INFO] [CpuWorker] Cooldown complete (5.00%). Resuming load increase...
2026-05-25 18:08:18,879 [INFO] [CpuWorker] Current Load: 5.00%
2026-05-25 18:08:20,030 [INFO] [MemoryWorker] Current Heap: 125MB
2026-05-25 18:08:20,982 [INFO] [CpuWorker] Peak reached (10.00%). Starting cooldown...
2026-05-25 18:08:21,985 [INFO] [CpuWorker] Current Load: 10.00%
2026-05-25 18:08:23,069 [INFO] [MemoryWorker] Current Heap: 150MB
2026-05-25 18:08:24,088 [INFO] [CpuWorker] Cooldown complete (5.00%). Resuming load increase...
2026-05-25 18:08:25,089 [INFO] [CpuWorker] Current Load: 5.00%
2026-05-25 18:08:26,102 [INFO] [MemoryWorker] Current Heap: 175MB
2026-05-25 18:08:27,192 [INFO] [CpuWorker] Peak reached (10.00%). Starting cooldown...
2026-05-25 18:08:28,193 [INFO] [CpuWorker] Current Load: 10.00%
2026-05-25 18:08:29,142 [INFO] [MemoryWorker] Current Heap: 200MB
2026-05-25 18:08:30,295 [INFO] [CpuWorker] Cooldown complete (5.00%). Resuming load increase...
2026-05-25 18:08:31,297 [INFO] [CpuWorker] Current Load: 5.00%
2026-05-25 18:08:32,181 [INFO] [MemoryWorker] Current Heap: 225MB
2026-05-25 18:08:33,400 [INFO] [CpuWorker] Peak reached (10.00%). Starting cooldown...
2026-05-25 18:08:34,402 [INFO] [CpuWorker] Current Load: 10.00%
2026-05-25 18:08:35,223 [INFO] [MemoryWorker] Current Heap: 250MB
2026-05-25 18:08:36,504 [INFO] [CpuWorker] Cooldown complete (5.00%). Resuming load increase...
2026-05-25 18:08:37,506 [INFO] [CpuWorker] Current Load: 5.00%
2026-05-25 18:08:38,262 [INFO] [MemoryWorker] Current Heap: 275MB
2026-05-25 18:08:40,610 [INFO] [CpuWorker] Current Load: 6.34%
2026-05-25 18:08:41,301 [INFO] [MemoryWorker] Current Heap: 300MB
2026-05-25 18:08:42,713 [INFO] [CpuWorker] Peak reached (10.00%). Starting cooldown...
2026-05-25 18:08:43,715 [INFO] [CpuWorker] Current Load: 10.00%
2026-05-25 18:08:44,340 [INFO] [MemoryWorker] Current Heap: 325MB
2026-05-25 18:08:46,820 [INFO] [CpuWorker] Current Load: 8.30%
2026-05-25 18:08:47,379 [INFO] [MemoryWorker] Current Heap: 350MB
2026-05-25 18:08:49,925 [INFO] [CpuWorker] Current Load: 6.10%
2026-05-25 18:08:50,418 [INFO] [MemoryWorker] Current Heap: 375MB
2026-05-25 18:08:53,031 [INFO] [CpuWorker] Current Load: 5.04%
2026-05-25 18:08:53,457 [INFO] [MemoryWorker] Current Heap: 400MB
2026-05-25 18:08:55,135 [INFO] [CpuWorker] Cooldown complete (5.00%). Resuming load increase...
2026-05-25 18:08:56,138 [INFO] [CpuWorker] Current Load: 5.00%
2026-05-25 18:08:56,497 [INFO] [MemoryWorker] Current Heap: 425MB
2026-05-25 18:08:59,244 [INFO] [CpuWorker] Current Load: 9.84%
2026-05-25 18:08:59,535 [INFO] [MemoryWorker] Current Heap: 450MB
2026-05-25 18:09:01,348 [INFO] [CpuWorker] Peak reached (10.00%). Starting cooldown...
2026-05-25 18:09:02,351 [INFO] [CpuWorker] Current Load: 10.00%
2026-05-25 18:09:02,574 [INFO] [MemoryWorker] Current Heap: 475MB
2026-05-25 18:09:04,453 [INFO] [CpuWorker] Cooldown complete (5.00%). Resuming load increase...
2026-05-25 18:09:05,455 [INFO] [CpuWorker] Current Load: 5.00%
2026-05-25 18:09:05,611 [INFO] [MemoryWorker] Current Heap: 500MB
2026-05-25 18:09:08,560 [INFO] [CpuWorker] Current Load: 7.26%
2026-05-25 18:09:08,649 [INFO] [MemoryWorker] Current Heap: 525MB
2026-05-25 18:09:08,650 [WARNING] [MemoryWorker] Memory Usage Reached Limit (525MB). Starting cleanup...
2026-05-25 18:09:08,658 [INFO] [System] Memory Cache Flushed. Process Stabilized.

>>> [SYSTEM] MEMORY RECOVERED (Cache Cleared) <<<

2026-05-25 18:09:10,664 [INFO] [CpuWorker] Peak reached (10.00%). Starting cooldown...
2026-05-25 18:09:11,666 [INFO] [CpuWorker] Current Load: 10.00%
2026-05-25 18:09:13,664 [INFO] [MemoryWorker] Current Heap: 25MB
2026-05-25 18:09:13,767 [INFO] [CpuWorker] Cooldown complete (5.00%). Resuming load increase...
2026-05-25 18:09:14,769 [INFO] [CpuWorker] Current Load: 5.00%
2026-05-25 18:09:16,668 [INFO] [MemoryWorker] Current Heap: 50MB
2026-05-25 18:09:17,874 [INFO] [CpuWorker] Current Load: 8.22%
2026-05-25 18:09:19,706 [INFO] [MemoryWorker] Current Heap: 75MB
2026-05-25 18:09:20,978 [INFO] [CpuWorker] Current Load: 9.29%
2026-05-25 18:09:22,744 [INFO] [MemoryWorker] Current Heap: 100MB
2026-05-25 18:09:23,079 [INFO] [CpuWorker] Peak reached (10.00%). Starting cooldown...
2026-05-25 18:09:24,081 [INFO] [CpuWorker] Current Load: 10.00%
2026-05-25 18:09:25,783 [INFO] [MemoryWorker] Current Heap: 125MB
2026-05-25 18:09:27,183 [INFO] [CpuWorker] Current Load: 7.37%
2026-05-25 18:09:28,819 [INFO] [MemoryWorker] Current Heap: 150MB
2026-05-25 18:09:29,285 [INFO] [CpuWorker] Cooldown complete (5.00%). Resuming load increase...
2026-05-25 18:09:30,286 [INFO] [CpuWorker] Current Load: 5.00%
2026-05-25 18:09:31,855 [INFO] [MemoryWorker] Current Heap: 175MB
2026-05-25 18:09:33,388 [INFO] [CpuWorker] Current Load: 8.55%
2026-05-25 18:09:34,892 [INFO] [MemoryWorker] Current Heap: 200MB
2026-05-25 18:09:35,489 [INFO] [CpuWorker] Peak reached (10.00%). Starting cooldown...
2026-05-25 18:09:36,490 [INFO] [CpuWorker] Current Load: 10.00%
2026-05-25 18:09:37,930 [INFO] [MemoryWorker] Current Heap: 225MB
2026-05-25 18:09:39,592 [INFO] [CpuWorker] Current Load: 9.69%
2026-05-25 18:09:40,967 [INFO] [MemoryWorker] Current Heap: 250MB
2026-05-25 18:09:41,694 [INFO] [CpuWorker] Cooldown complete (5.00%). Resuming load increase...
2026-05-25 18:09:42,695 [INFO] [CpuWorker] Current Load: 5.00%
2026-05-25 18:09:44,005 [INFO] [MemoryWorker] Current Heap: 275MB
2026-05-25 18:09:45,797 [INFO] [CpuWorker] Current Load: 5.78%
2026-05-25 18:09:47,043 [INFO] [MemoryWorker] Current Heap: 300MB
2026-05-25 18:09:47,899 [INFO] [CpuWorker] Peak reached (10.00%). Starting cooldown...
2026-05-25 18:09:48,900 [INFO] [CpuWorker] Current Load: 10.00%
2026-05-25 18:09:50,081 [INFO] [MemoryWorker] Current Heap: 325MB
2026-05-25 18:09:52,002 [INFO] [CpuWorker] Current Load: 8.17%
2026-05-25 18:09:53,119 [INFO] [MemoryWorker] Current Heap: 350MB
2026-05-25 18:09:54,104 [INFO] [CpuWorker] Cooldown complete (5.00%). Resuming load increase...
2026-05-25 18:09:55,105 [INFO] [CpuWorker] Current Load: 5.00%
2026-05-25 18:09:56,157 [INFO] [MemoryWorker] Current Heap: 375MB
2026-05-25 18:09:57,207 [INFO] [CpuWorker] Peak reached (10.00%). Starting cooldown...
2026-05-25 18:09:58,208 [INFO] [CpuWorker] Current Load: 10.00%
2026-05-25 18:09:59,194 [INFO] [MemoryWorker] Current Heap: 400MB
2026-05-25 18:10:00,310 [INFO] [CpuWorker] Cooldown complete (5.00%). Resuming load increase...
2026-05-25 18:10:01,310 [INFO] [CpuWorker] Current Load: 5.00%
2026-05-25 18:10:02,232 [INFO] [MemoryWorker] Current Heap: 425MB
2026-05-25 18:10:04,413 [INFO] [CpuWorker] Current Load: 7.81%
2026-05-25 18:10:05,268 [INFO] [MemoryWorker] Current Heap: 450MB
2026-05-25 18:10:07,517 [INFO] [CpuWorker] Current Load: 9.69%
2026-05-25 18:10:08,306 [INFO] [MemoryWorker] Current Heap: 475MB
2026-05-25 18:10:09,619 [INFO] [CpuWorker] Peak reached (10.00%). Starting cooldown...
2026-05-25 18:10:10,619 [INFO] [CpuWorker] Current Load: 10.00%
2026-05-25 18:10:11,342 [INFO] [MemoryWorker] Current Heap: 500MB
2026-05-25 18:10:13,723 [INFO] [CpuWorker] Current Load: 8.55%
2026-05-25 18:10:14,380 [INFO] [MemoryWorker] Current Heap: 525MB
2026-05-25 18:10:14,380 [WARNING] [MemoryWorker] Memory Usage Reached Limit (525MB). Starting cleanup...
2026-05-25 18:10:14,389 [INFO] [System] Memory Cache Flushed. Process Stabilized.

>>> [SYSTEM] MEMORY RECOVERED (Cache Cleared) <<<

2026-05-25 18:10:16,826 [INFO] [CpuWorker] Current Load: 8.36%
2026-05-25 18:10:18,928 [INFO] [CpuWorker] Cooldown complete (5.00%). Resuming load increase...
2026-05-25 18:10:19,391 [INFO] [MemoryWorker] Current Heap: 25MB
2026-05-25 18:10:19,928 [INFO] [CpuWorker] Current Load: 5.00%
2026-05-25 18:10:22,030 [INFO] [CpuWorker] Peak reached (10.00%). Starting cooldown...
2026-05-25 18:10:22,393 [INFO] [MemoryWorker] Current Heap: 50MB
2026-05-25 18:10:23,031 [INFO] [CpuWorker] Current Load: 10.00%
2026-05-25 18:10:25,132 [INFO] [CpuWorker] Cooldown complete (5.00%). Resuming load increase...
2026-05-25 18:10:25,398 [INFO] [MemoryWorker] Current Heap: 75MB
2026-05-25 18:10:26,133 [INFO] [CpuWorker] Current Load: 5.00%
2026-05-25 18:10:28,403 [INFO] [MemoryWorker] Current Heap: 100MB
2026-05-25 18:10:29,235 [INFO] [CpuWorker] Current Load: 8.56%
2026-05-25 18:10:31,336 [INFO] [CpuWorker] Peak reached (10.00%). Starting cooldown...
2026-05-25 18:10:31,443 [INFO] [MemoryWorker] Current Heap: 125MB
2026-05-25 18:10:32,337 [INFO] [CpuWorker] Current Load: 10.00%
2026-05-25 18:10:34,480 [INFO] [MemoryWorker] Current Heap: 150MB
2026-05-25 18:10:35,439 [INFO] [CpuWorker] Current Load: 8.66%
2026-05-25 18:10:37,517 [INFO] [MemoryWorker] Current Heap: 175MB
2026-05-25 18:10:37,542 [INFO] [CpuWorker] Cooldown complete (5.00%). Resuming load increase...
2026-05-25 18:10:38,543 [INFO] [CpuWorker] Current Load: 5.00%
2026-05-25 18:10:40,555 [INFO] [MemoryWorker] Current Heap: 200MB
2026-05-25 18:10:41,645 [INFO] [CpuWorker] Current Load: 9.06%
2026-05-25 18:10:43,593 [INFO] [MemoryWorker] Current Heap: 225MB
2026-05-25 18:10:44,748 [INFO] [CpuWorker] Current Load: 9.42%
2026-05-25 18:10:46,631 [INFO] [MemoryWorker] Current Heap: 250MB
2026-05-25 18:10:46,849 [INFO] [CpuWorker] Peak reached (10.00%). Starting cooldown...
2026-05-25 18:10:47,850 [INFO] [CpuWorker] Current Load: 10.00%
2026-05-25 18:10:49,668 [INFO] [MemoryWorker] Current Heap: 275MB
2026-05-25 18:10:49,952 [INFO] [CpuWorker] Cooldown complete (5.00%). Resuming load increase...
2026-05-25 18:10:50,953 [INFO] [CpuWorker] Current Load: 5.00%
2026-05-25 18:10:52,706 [INFO] [MemoryWorker] Current Heap: 300MB
2026-05-25 18:10:53,055 [INFO] [CpuWorker] Peak reached (10.00%). Starting cooldown...
2026-05-25 18:10:54,055 [INFO] [CpuWorker] Current Load: 10.00%
2026-05-25 18:10:55,743 [INFO] [MemoryWorker] Current Heap: 325MB
2026-05-25 18:10:57,158 [INFO] [CpuWorker] Current Load: 9.58%
2026-05-25 18:10:58,780 [INFO] [MemoryWorker] Current Heap: 350MB
2026-05-25 18:11:00,261 [INFO] [CpuWorker] Current Load: 8.24%
2026-05-25 18:11:01,817 [INFO] [MemoryWorker] Current Heap: 375MB
2026-05-25 18:11:02,363 [INFO] [CpuWorker] Cooldown complete (5.00%). Resuming load increase...
2026-05-25 18:11:03,365 [INFO] [CpuWorker] Current Load: 5.00%
2026-05-25 18:11:04,854 [INFO] [MemoryWorker] Current Heap: 400MB
2026-05-25 18:11:06,467 [INFO] [CpuWorker] Current Load: 5.56%
2026-05-25 18:11:07,892 [INFO] [MemoryWorker] Current Heap: 425MB
2026-05-25 18:11:08,569 [INFO] [CpuWorker] Peak reached (10.00%). Starting cooldown...
2026-05-25 18:11:09,570 [INFO] [CpuWorker] Current Load: 10.00%
2026-05-25 18:11:10,930 [INFO] [MemoryWorker] Current Heap: 450MB
2026-05-25 18:11:12,673 [INFO] [CpuWorker] Current Load: 8.98%
2026-05-25 18:11:13,967 [INFO] [MemoryWorker] Current Heap: 475MB
2026-05-25 18:11:14,774 [INFO] [CpuWorker] Cooldown complete (5.00%). Resuming load increase...
2026-05-25 18:11:15,775 [INFO] [CpuWorker] Current Load: 5.00%
2026-05-25 18:11:17,005 [INFO] [MemoryWorker] Current Heap: 500MB
2026-05-25 18:11:17,878 [INFO] [CpuWorker] Peak reached (10.00%). Starting cooldown...
2026-05-25 18:11:18,878 [INFO] [CpuWorker] Current Load: 10.00%
2026-05-25 18:11:20,042 [INFO] [MemoryWorker] Current Heap: 525MB
2026-05-25 18:11:20,043 [WARNING] [MemoryWorker] Memory Usage Reached Limit (525MB). Starting cleanup...
2026-05-25 18:11:20,051 [INFO] [System] Memory Cache Flushed. Process Stabilized.

>>> [SYSTEM] MEMORY RECOVERED (Cache Cleared) <<<

2026-05-25 18:11:21,982 [INFO] [CpuWorker] Current Load: 8.96%
2026-05-25 18:11:24,084 [INFO] [CpuWorker] Cooldown complete (5.00%). Resuming load increase...
2026-05-25 18:11:25,054 [INFO] [MemoryWorker] Current Heap: 25MB
2026-05-25 18:11:25,086 [INFO] [CpuWorker] Current Load: 5.00%
