>>> Starting Agent Boot Sequence...
[1/6] Checking User Account               [OK]
   ... Running as service user 'wlgjs060614351' (uid=1267600561)
[2/6] Verifying Environment Variables     [OK]
   ... All required Envs correct
[3/6] Checking Required Files             [OK]
   ... Verified 'secret.key' with correct key string.
[4/6] Checking Port Availability          [OK]
   ... Port 15034 is available.
[5/6] Verifying Log Permission            [OK]
   ... Log directory is writable: /mnt/mac/Users/wlgjs060614351/Desktop/Troubleshooting_LinuxProcesses_and_System-Resources/evidence/logs
[6/6] Verifying Mission Environment       [OK]
   ... MEMORY_LIMIT=512MB, CPU_MAX_OCCUPY=100%, MULTI_THREAD_ENABLE=False
------------------------------------------------------------
All Boot Checks Passed!
Agent READY
2026-05-25 18:03:43,003 [INFO] [SafetyGuard] Process priority lowered (nice=10).
2026-05-25 18:03:43,003 [INFO] Agent listening at port 15034

==================================================
 [ Agent Initiate ] Resource Check 
==================================================
 [ MEMORY ] Limit: 512MB 		[ OK ]
 [ CPU    ] Limit: 100%  		[ WARNING: Recommend Under 50% ]
 [ THREAD ] Concurrency: False 		[ OK ]
--------------------------------------------------
 >>> SYSTEM STATUS: STABLE. STARTING WORKLOAD MONITORING...
==================================================

2026-05-25 18:03:45,004 [INFO] [CpuWorker] Started. Maximum CPU Limit: 100%
2026-05-25 18:03:45,005 [INFO] [CpuWorker] Current Load: 5.00%
2026-05-25 18:03:48,108 [INFO] [CpuWorker] Current Load: 14.14%
2026-05-25 18:03:51,214 [INFO] [CpuWorker] Current Load: 14.62%
2026-05-25 18:03:54,318 [INFO] [CpuWorker] Current Load: 19.93%
2026-05-25 18:03:57,423 [INFO] [CpuWorker] Current Load: 24.20%
2026-05-25 18:04:00,527 [INFO] [CpuWorker] Current Load: 28.56%
2026-05-25 18:04:03,634 [INFO] [CpuWorker] Current Load: 30.77%
2026-05-25 18:04:06,740 [INFO] [CpuWorker] Current Load: 37.16%
2026-05-25 18:04:09,844 [INFO] [CpuWorker] Current Load: 44.78%
2026-05-25 18:04:12,946 [INFO] [CpuWorker] Current Load: 47.35%
2026-05-25 18:04:16,047 [INFO] [CpuWorker] Current Load: 51.24%
2026-05-25 18:04:16,149 [CRITICAL] [CpuWorker] CPU Threshold Violated! (51.239999999999995%).
