>>> Starting Agent Boot Sequence...
[1/6] Checking User Account               [OK]
   ... Running as service user 'wlgjs060614351' (uid=1267600561)
[2/6] Verifying Environment Variables     [OK]
   ... All required Envs correct
[3/6] Checking Required Files             [OK]
   ... Verified 'secret.key' with correct key string.
[4/6] Checking Port Availability          [OK]
   ... Port 15034 is available.
[5/6] Verifying Log Permission            [OK]
   ... Log directory is writable: /mnt/mac/Users/wlgjs060614351/Desktop/Troubleshooting_LinuxProcesses_and_System-Resources/evidence/logs
[6/6] Verifying Mission Environment       [OK]
   ... MEMORY_LIMIT=512MB, CPU_MAX_OCCUPY=100%, MULTI_THREAD_ENABLE=False
------------------------------------------------------------
All Boot Checks Passed!
Agent READY
2026-05-22 19:03:00,635 [INFO] [SafetyGuard] Process priority lowered (nice=10).
2026-05-22 19:03:00,635 [INFO] Agent listening at port 15034

==================================================
 [ Agent Initiate ] Resource Check 
==================================================
 [ MEMORY ] Limit: 512MB 		[ OK ]
 [ CPU    ] Limit: 100%  		[ WARNING: Recommend Under 50% ]
 [ THREAD ] Concurrency: False 		[ OK ]
--------------------------------------------------
 >>> SYSTEM STATUS: STABLE. STARTING WORKLOAD MONITORING...
==================================================

2026-05-22 19:03:02,636 [INFO] [CpuWorker] Started. Maximum CPU Limit: 100%
2026-05-22 19:03:02,636 [INFO] [CpuWorker] Current Load: 5.00%
2026-05-22 19:03:05,740 [INFO] [CpuWorker] Current Load: 11.00%
2026-05-22 19:03:08,842 [INFO] [CpuWorker] Current Load: 11.05%
2026-05-22 19:03:11,946 [INFO] [CpuWorker] Current Load: 19.60%
2026-05-22 19:03:15,050 [INFO] [CpuWorker] Current Load: 25.10%
2026-05-22 19:03:18,156 [INFO] [CpuWorker] Current Load: 34.47%
2026-05-22 19:03:21,260 [INFO] [CpuWorker] Current Load: 43.68%
2026-05-22 19:03:24,365 [INFO] [CpuWorker] Current Load: 49.33%
2026-05-22 19:03:27,470 [INFO] [CpuWorker] Current Load: 57.37%
2026-05-22 19:03:27,572 [CRITICAL] [CpuWorker] CPU Threshold Violated! (57.37%).
