>>> Starting Agent Boot Sequence...
[1/6] Checking User Account               [OK]
   ... Running as service user 'wlgjs060614351' (uid=1267600561)
[2/6] Verifying Environment Variables     [OK]
   ... All required Envs correct
[3/6] Checking Required Files             [OK]
   ... Verified 'secret.key' with correct key string.
[4/6] Checking Port Availability          [OK]
   ... Port 15034 is available.
[5/6] Verifying Log Permission            [OK]
   ... Log directory is writable: /mnt/mac/Users/wlgjs060614351/Desktop/Troubleshooting_LinuxProcesses_and_System-Resources/evidence/logs
[6/6] Verifying Mission Environment       [OK]
   ... MEMORY_LIMIT=512MB, CPU_MAX_OCCUPY=10%, MULTI_THREAD_ENABLE=False
------------------------------------------------------------
All Boot Checks Passed!
Agent READY
2026-05-25 19:48:51,232 [INFO] [SafetyGuard] Process priority lowered (nice=10).
2026-05-25 19:48:51,232 [INFO] Agent listening at port 15034

==================================================
 [ Agent Initiate ] Resource Check 
==================================================
 [ MEMORY ] Limit: 512MB 		[ OK ]
 [ CPU    ] Limit: 10%  		[ OK ]
 [ THREAD ] Concurrency: False 		[ OK ]
--------------------------------------------------
 >>> SYSTEM STATUS: STABLE. STARTING WORKLOAD MONITORING...
==================================================

2026-05-25 19:48:53,234 [INFO] >>> Scenario Selected: [Healthy System Monitoring]

>>> [SYSTEM] ALL CONFIGURATIONS OPTIMAL. RUNNING STABILITY TEST... <<<

2026-05-25 19:48:53,234 [INFO] [Scheduler] Task Scheduler Initialized.
2026-05-25 19:48:53,235 [INFO] [Scheduler] Registered Tasks: ['Thread-A', 'Thread-B', 'Thread-C']
2026-05-25 19:48:53,235 [INFO] [Scheduler] Starting task execution...
2026-05-25 19:48:53,235 [INFO] [Thread-A] Task Started. Calculating... (20%)
2026-05-25 19:48:53,286 [INFO] [Thread-A] Calculating... (40%)
2026-05-25 19:48:53,338 [INFO] [Thread-A] Calculating... (60%)
2026-05-25 19:48:53,390 [INFO] [Thread-A] Calculating... (80%)
2026-05-25 19:48:53,441 [INFO] [Thread-A] Task Completed. (100%)
2026-05-25 19:48:53,492 [INFO] [Thread-B] Task Started. Calculating... (20%)
2026-05-25 19:48:53,544 [INFO] [Thread-B] Calculating... (40%)
2026-05-25 19:48:53,596 [INFO] [Thread-B] Calculating... (60%)
2026-05-25 19:48:53,648 [INFO] [Thread-B] Calculating... (80%)
2026-05-25 19:48:53,700 [INFO] [Thread-B] Task Completed. (100%)
2026-05-25 19:48:53,751 [INFO] [Thread-C] Task Started. Calculating... (20%)
2026-05-25 19:48:53,803 [INFO] [Thread-C] Calculating... (40%)
2026-05-25 19:48:53,855 [INFO] [Thread-C] Calculating... (60%)
2026-05-25 19:48:53,906 [INFO] [Thread-C] Calculating... (80%)
2026-05-25 19:48:53,958 [INFO] [Thread-C] Task Completed. (100%)
2026-05-25 19:48:54,010 [INFO] [Scheduler] All tasks completed.
2026-05-25 19:48:54,048 [INFO] [MemoryWorker] Current Heap: 25MB
2026-05-25 19:48:54,048 [INFO] [CpuWorker] Started. Maximum CPU Limit: 10%
2026-05-25 19:48:54,049 [INFO] [CpuWorker] Current Load: 5.00%
2026-05-25 19:48:57,086 [INFO] [MemoryWorker] Current Heap: 50MB
2026-05-25 19:48:57,152 [INFO] [CpuWorker] Current Load: 8.71%
2026-05-25 19:49:00,126 [INFO] [MemoryWorker] Current Heap: 75MB
2026-05-25 19:49:00,258 [INFO] [CpuWorker] Current Load: 9.26%
2026-05-25 19:49:02,362 [INFO] [CpuWorker] Peak reached (10.00%). Starting cooldown...
2026-05-25 19:49:03,165 [INFO] [MemoryWorker] Current Heap: 100MB
2026-05-25 19:49:03,364 [INFO] [CpuWorker] Current Load: 10.00%
2026-05-25 19:49:05,467 [INFO] [CpuWorker] Cooldown complete (5.00%). Resuming load increase...
2026-05-25 19:49:06,204 [INFO] [MemoryWorker] Current Heap: 125MB
2026-05-25 19:49:06,469 [INFO] [CpuWorker] Current Load: 5.00%
