>>> Starting Agent Boot Sequence...
[1/6] Checking User Account               [OK]
   ... Running as service user 'wlgjs060614351' (uid=1267600561)
[2/6] Verifying Environment Variables     [OK]
   ... All required Envs correct
[3/6] Checking Required Files             [OK]
   ... Verified 'secret.key' with correct key string.
[4/6] Checking Port Availability          [OK]
   ... Port 15034 is available.
[5/6] Verifying Log Permission            [OK]
   ... Log directory is writable: /mnt/mac/Users/wlgjs060614351/Desktop/Troubleshooting_LinuxProcesses_and_System-Resources/evidence/logs
[6/6] Verifying Mission Environment       [OK]
   ... MEMORY_LIMIT=512MB, CPU_MAX_OCCUPY=100%, MULTI_THREAD_ENABLE=False
------------------------------------------------------------
All Boot Checks Passed!
Agent READY
2026-05-25 19:40:32,501 [INFO] [SafetyGuard] Process priority lowered (nice=10).
2026-05-25 19:40:32,501 [INFO] Agent listening at port 15034

==================================================
 [ Agent Initiate ] Resource Check 
==================================================
 [ MEMORY ] Limit: 512MB 		[ OK ]
 [ CPU    ] Limit: 100%  		[ WARNING: Recommend Under 50% ]
 [ THREAD ] Concurrency: False 		[ OK ]
--------------------------------------------------
 >>> SYSTEM STATUS: STABLE. STARTING WORKLOAD MONITORING...
==================================================

2026-05-25 19:40:34,503 [INFO] [CpuWorker] Started. Maximum CPU Limit: 100%
2026-05-25 19:40:34,504 [INFO] [CpuWorker] Current Load: 5.00%
2026-05-25 19:40:37,607 [INFO] [CpuWorker] Current Load: 5.72%
2026-05-25 19:40:40,710 [INFO] [CpuWorker] Current Load: 15.31%
2026-05-25 19:40:43,813 [INFO] [CpuWorker] Current Load: 17.64%
