>>> Starting Agent Boot Sequence...
[1/6] Checking User Account               [OK]
   ... Running as service user 'wlgjs060614351' (uid=1267600561)
[2/6] Verifying Environment Variables     [OK]
   ... All required Envs correct
[3/6] Checking Required Files             [OK]
   ... Verified 'secret.key' with correct key string.
[4/6] Checking Port Availability          [OK]
   ... Port 15034 is available.
[5/6] Verifying Log Permission            [OK]
   ... Log directory is writable: /mnt/mac/Users/wlgjs060614351/Desktop/Troubleshooting_LinuxProcesses_and_System-Resources/evidence/logs
[6/6] Verifying Mission Environment       [OK]
   ... MEMORY_LIMIT=512MB, CPU_MAX_OCCUPY=10%, MULTI_THREAD_ENABLE=False
------------------------------------------------------------
All Boot Checks Passed!
Agent READY
2026-05-25 19:41:05,025 [INFO] [SafetyGuard] Process priority lowered (nice=10).
2026-05-25 19:41:05,025 [INFO] Agent listening at port 15034

==================================================
 [ Agent Initiate ] Resource Check 
==================================================
 [ MEMORY ] Limit: 512MB 		[ OK ]
 [ CPU    ] Limit: 10%  		[ OK ]
 [ THREAD ] Concurrency: False 		[ OK ]
--------------------------------------------------
 >>> SYSTEM STATUS: STABLE. STARTING WORKLOAD MONITORING...
==================================================

2026-05-25 19:41:07,025 [INFO] >>> Scenario Selected: [Healthy System Monitoring]

>>> [SYSTEM] ALL CONFIGURATIONS OPTIMAL. RUNNING STABILITY TEST... <<<

2026-05-25 19:41:07,026 [INFO] [Scheduler] Task Scheduler Initialized.
2026-05-25 19:41:07,026 [INFO] [Scheduler] Registered Tasks: ['Thread-A', 'Thread-B', 'Thread-C']
2026-05-25 19:41:07,026 [INFO] [Scheduler] Starting task execution...
2026-05-25 19:41:07,026 [INFO] [Thread-A] Task Started. Calculating... (20%)
2026-05-25 19:41:07,078 [INFO] [Thread-A] Calculating... (40%)
2026-05-25 19:41:07,129 [INFO] [Thread-A] Calculating... (60%)
2026-05-25 19:41:07,181 [INFO] [Thread-A] Calculating... (80%)
2026-05-25 19:41:07,233 [INFO] [Thread-A] Task Completed. (100%)
2026-05-25 19:41:07,284 [INFO] [Thread-B] Task Started. Calculating... (20%)
2026-05-25 19:41:07,336 [INFO] [Thread-B] Calculating... (40%)
2026-05-25 19:41:07,388 [INFO] [Thread-B] Calculating... (60%)
2026-05-25 19:41:07,440 [INFO] [Thread-B] Calculating... (80%)
2026-05-25 19:41:07,491 [INFO] [Thread-B] Task Completed. (100%)
2026-05-25 19:41:07,542 [INFO] [Thread-C] Task Started. Calculating... (20%)
2026-05-25 19:41:07,594 [INFO] [Thread-C] Calculating... (40%)
2026-05-25 19:41:07,646 [INFO] [Thread-C] Calculating... (60%)
2026-05-25 19:41:07,698 [INFO] [Thread-C] Calculating... (80%)
2026-05-25 19:41:07,750 [INFO] [Thread-C] Task Completed. (100%)
2026-05-25 19:41:07,801 [INFO] [Scheduler] All tasks completed.
2026-05-25 19:41:07,839 [INFO] [MemoryWorker] Current Heap: 25MB
2026-05-25 19:41:07,839 [INFO] [CpuWorker] Started. Maximum CPU Limit: 10%
2026-05-25 19:41:07,840 [INFO] [CpuWorker] Current Load: 5.00%
2026-05-25 19:41:10,879 [INFO] [MemoryWorker] Current Heap: 50MB
2026-05-25 19:41:10,943 [INFO] [CpuWorker] Current Load: 6.36%
2026-05-25 19:41:13,920 [INFO] [MemoryWorker] Current Heap: 75MB
2026-05-25 19:41:14,048 [INFO] [CpuWorker] Current Load: 7.40%
2026-05-25 19:41:16,153 [INFO] [CpuWorker] Peak reached (10.00%). Starting cooldown...
2026-05-25 19:41:16,961 [INFO] [MemoryWorker] Current Heap: 100MB
2026-05-25 19:41:17,155 [INFO] [CpuWorker] Current Load: 10.00%
2026-05-25 19:41:20,003 [INFO] [MemoryWorker] Current Heap: 125MB
2026-05-25 19:41:20,261 [INFO] [CpuWorker] Current Load: 5.41%
2026-05-25 19:41:22,366 [INFO] [CpuWorker] Cooldown complete (5.00%). Resuming load increase...
2026-05-25 19:41:23,044 [INFO] [MemoryWorker] Current Heap: 150MB
2026-05-25 19:41:23,367 [INFO] [CpuWorker] Current Load: 5.00%
2026-05-25 19:41:26,055 [INFO] [MemoryWorker] Current Heap: 175MB
2026-05-25 19:41:26,473 [INFO] [CpuWorker] Current Load: 8.41%
2026-05-25 19:41:28,577 [INFO] [CpuWorker] Peak reached (10.00%). Starting cooldown...
2026-05-25 19:41:29,093 [INFO] [MemoryWorker] Current Heap: 200MB
2026-05-25 19:41:29,579 [INFO] [CpuWorker] Current Load: 10.00%
2026-05-25 19:41:32,133 [INFO] [MemoryWorker] Current Heap: 225MB
2026-05-25 19:41:32,685 [INFO] [CpuWorker] Current Load: 7.30%
2026-05-25 19:41:35,175 [INFO] [MemoryWorker] Current Heap: 250MB
2026-05-25 19:41:35,790 [INFO] [CpuWorker] Current Load: 5.41%
2026-05-25 19:41:37,894 [INFO] [CpuWorker] Cooldown complete (5.00%). Resuming load increase...
2026-05-25 19:41:38,217 [INFO] [MemoryWorker] Current Heap: 275MB
