>>> Starting Agent Boot Sequence...
[1/6] Checking User Account               [OK]
   ... Running as service user 'wlgjs060614351' (uid=1267600561)
[2/6] Verifying Environment Variables     [OK]
   ... All required Envs correct
[3/6] Checking Required Files             [OK]
   ... Verified 'secret.key' with correct key string.
[4/6] Checking Port Availability          [OK]
   ... Port 15034 is available.
[5/6] Verifying Log Permission            [OK]
   ... Log directory is writable: /mnt/mac/Users/wlgjs060614351/Desktop/Troubleshooting_LinuxProcesses_and_System-Resources/evidence/logs
[6/6] Verifying Mission Environment       [OK]
   ... MEMORY_LIMIT=64MB, CPU_MAX_OCCUPY=100%, MULTI_THREAD_ENABLE=False
------------------------------------------------------------
All Boot Checks Passed!
Agent READY
2026-05-22 18:59:03,888 [INFO] [SafetyGuard] Process priority lowered (nice=10).
2026-05-22 18:59:03,888 [INFO] Agent listening at port 15034

==================================================
 [ Agent Initiate ] Resource Check 
==================================================
 [ MEMORY ] Limit: 64MB 		[ WARNING: Recommend Over 256MB ]
 [ CPU    ] Limit: 100%  		[ WARNING: Recommend Under 50% ]
 [ THREAD ] Concurrency: False 		[ OK ]
--------------------------------------------------
 >>> SYSTEM STATUS: STABLE. STARTING WORKLOAD MONITORING...
==================================================

2026-05-22 18:59:05,931 [INFO] [MemoryWorker] Current Heap: 25MB
2026-05-22 18:59:08,969 [INFO] [MemoryWorker] Current Heap: 50MB
2026-05-22 18:59:12,010 [INFO] [MemoryWorker] Current Heap: 75MB
2026-05-22 18:59:12,010 [CRITICAL] [MemoryGuard] Memory limit exceeded (75MB >= 64MB) / (Recommend Over 256MB)
2026-05-22 18:59:12,011 [CRITICAL] [MemoryGuard] Self-terminating process 2416 to prevent system instability.
